     [echo] running wsgen for each generated webservice class
    [mkdir] Created dir: D:\MDA\rest\common\src\main\java
    [mkdir] Created dir: D:\MDA\rest\common\src\main\resources
    [mkdir] Created dir: D:\MDA\rest\common\src\test\java
    [mkdir] Created dir: D:\MDA\rest\common\src\test\resources
    [mkdir] Created dir: D:\MDA\rest\common\target\classes
    [mkdir] Created dir: D:\MDA\rest\common\target\src\main\java
    [mkdir] Created dir: D:\MDA\rest\core\src\main\java
    [mkdir] Created dir: D:\MDA\rest\core\src\main\resources
    [mkdir] Created dir: D:\MDA\rest\core\src\test\java
    [mkdir] Created dir: D:\MDA\rest\core\target\src\main\resources
    [mkdir] Created dir: D:\MDA\rest\CXF\src\main\java
    [mkdir] Created dir: D:\MDA\rest\CXF\src\main\resources
    [mkdir] Created dir: D:\MDA\rest\CXF\src\test\java
    [mkdir] Created dir: D:\MDA\rest\CXF\src\test\resources
    [mkdir] Created dir: D:\MDA\rest\CXF\target\classes
    [mkdir] Created dir: D:\MDA\rest\CXF\target\src\main\java
    [mkdir] Created dir: D:\MDA\rest\CXF\src\main\webapp\WEB-INF\lib
    [mkdir] Created dir: D:\MDA\rest\CXF\src\main\webapp\WEB-INF\wsdl
    [mkdir] Created dir: D:\MDA\rest\CXF\src\main\webapp\WEB-INF\classes
    [mkdir] Created dir: D:\MDA\rest\webservice\src\main\java
    [mkdir] Created dir: D:\MDA\rest\webservice\src\main\resources
    [mkdir] Created dir: D:\MDA\rest\webservice\src\test\resources
    [mkdir] Created dir: D:\MDA\rest\webservice\target\classes
    [mkdir] Created dir: D:\MDA\rest\webservice\target\src\main\java
    [mkdir] Created dir: D:\MDA\rest\webservice\src\main\webapp\WEB-INF\lib
    [mkdir] Created dir: D:\MDA\rest\webservice\src\main\webapp\WEB-INF\wsdl
    [mkdir] Created dir: D:\MDA\rest\webservice\src\main\webapp\WEB-INF\classes
     [copy] Copying 1 file to D:\MDA\rest\core\src\test\resources
     [copy] Copying D:\MDA\rest\mda\log4j.xml to D:\MDA\rest\core\src\test\resources\log4j.xml
     [copy] Copying 1 file to D:\MDA\rest\webservice\src\main\resources
     [copy] Copying D:\MDA\rest\mda\log4j.xml to D:\MDA\rest\webservice\src\main\resources\log4j.xml
     [copy] Copying 1 file to D:\MDA\rest\CXF\src\main\resources
     [copy] Copying D:\MDA\rest\mda\log4j.xml to D:\MDA\rest\CXF\src\main\resources\log4j.xml
