2016-04-26 01:38:26,756 DEBUG [org.eclipse.jetty.util.log] Logging to org.slf4j.impl.Log4jLoggerAdapter(org.eclipse.jetty.util.log) via org.eclipse.jetty.util.log.Slf4jLog
2016-04-26 01:38:27,038 INFO  [org.springframework.web.context.ContextLoader] Root WebApplicationContext: initialization started
2016-04-26 01:38:27,091 DEBUG [org.springframework.web.context.support.StandardServletEnvironment] Initializing new StandardServletEnvironment
2016-04-26 01:38:27,091 DEBUG [org.springframework.web.context.support.StandardServletEnvironment] Adding [servletConfigInitParams] PropertySource with lowest search precedence
2016-04-26 01:38:27,091 DEBUG [org.springframework.web.context.support.StandardServletEnvironment] Adding [servletContextInitParams] PropertySource with lowest search precedence
2016-04-26 01:38:27,094 DEBUG [org.springframework.web.context.support.StandardServletEnvironment] Adding [jndiProperties] PropertySource with lowest search precedence
2016-04-26 01:38:27,094 DEBUG [org.springframework.web.context.support.StandardServletEnvironment] Adding [systemProperties] PropertySource with lowest search precedence
2016-04-26 01:38:27,094 DEBUG [org.springframework.web.context.support.StandardServletEnvironment] Adding [systemEnvironment] PropertySource with lowest search precedence
2016-04-26 01:38:27,094 DEBUG [org.springframework.web.context.support.StandardServletEnvironment] Initialized StandardServletEnvironment with PropertySources [servletConfigInitParams,servletContextInitParams,jndiProperties,systemProperties,systemEnvironment]
2016-04-26 01:38:27,095 INFO  [org.springframework.web.context.support.XmlWebApplicationContext] Refreshing Root WebApplicationContext: startup date [Tue Apr 26 01:38:27 BOT 2016]; root of context hierarchy
2016-04-26 01:38:27,098 DEBUG [org.springframework.web.context.support.StandardServletEnvironment] Replacing [servletContextInitParams] PropertySource with [servletContextInitParams]
2016-04-26 01:38:27,129 DEBUG [org.springframework.core.env.StandardEnvironment] Initializing new StandardEnvironment
2016-04-26 01:38:27,129 DEBUG [org.springframework.core.env.StandardEnvironment] Adding [systemProperties] PropertySource with lowest search precedence
2016-04-26 01:38:27,129 DEBUG [org.springframework.core.env.StandardEnvironment] Adding [systemEnvironment] PropertySource with lowest search precedence
2016-04-26 01:38:27,129 DEBUG [org.springframework.core.env.StandardEnvironment] Initialized StandardEnvironment with PropertySources [systemProperties,systemEnvironment]
2016-04-26 01:38:27,129 DEBUG [org.springframework.core.env.StandardEnvironment] Initializing new StandardEnvironment
2016-04-26 01:38:27,129 DEBUG [org.springframework.core.env.StandardEnvironment] Adding [systemProperties] PropertySource with lowest search precedence
2016-04-26 01:38:27,129 DEBUG [org.springframework.core.env.StandardEnvironment] Adding [systemEnvironment] PropertySource with lowest search precedence
2016-04-26 01:38:27,129 DEBUG [org.springframework.core.env.StandardEnvironment] Initialized StandardEnvironment with PropertySources [systemProperties,systemEnvironment]
2016-04-26 01:38:27,135 INFO  [org.springframework.beans.factory.xml.XmlBeanDefinitionReader] Loading XML bean definitions from ServletContext resource [/WEB-INF/applicationContext-CXF.xml]
2016-04-26 01:38:27,137 DEBUG [org.springframework.beans.factory.xml.DefaultDocumentLoader] Using JAXP provider [com.sun.org.apache.xerces.internal.jaxp.DocumentBuilderFactoryImpl]
2016-04-26 01:38:27,158 DEBUG [org.springframework.beans.factory.xml.PluggableSchemaResolver] Loading schema mappings from [META-INF/spring.schemas]
2016-04-26 01:38:27,161 DEBUG [org.springframework.beans.factory.xml.PluggableSchemaResolver] Loaded schema mappings: {http://www.springframework.org/schema/tx/spring-tx-2.5.xsd=org/springframework/transaction/config/spring-tx-2.5.xsd, http://www.springframework.org/schema/context/spring-context-3.1.xsd=org/springframework/context/config/spring-context-3.1.xsd, http://www.springframework.org/schema/util/spring-util-3.0.xsd=org/springframework/beans/factory/xml/spring-util-3.0.xsd, http://cxf.apache.org/schemas/configuration/http-conf.xsd=schemas/configuration/http-conf.xsd, http://cxf.apache.org/configuration/parameterized-types=schemas/configuration/parameterized-types.xsd, http://www.w3.org/TR/xmldsig-core/xmldsig-core-schema.xsd=schemas/xmldsig-core-schema.xsd, http://www.springframework.org/schema/tool/spring-tool.xsd=org/springframework/beans/factory/xml/spring-tool-3.1.xsd, http://www.w3.org/2006/07/ws-policy.xsd=schemas/ws-policy-200607.xsd, http://cxf.apache.org/schemas/jaxrs.xsd=schemas/jaxrs.xsd, http://www.springframework.org/schema/jdbc/spring-jdbc-3.1.xsd=org/springframework/jdbc/config/spring-jdbc-3.1.xsd, http://cxf.apache.org/schemas/configuration/wsrm-manager.xsd=schemas/configuration/wsrm-manager.xsd, http://www.springframework.org/schema/util/spring-util-2.0.xsd=org/springframework/beans/factory/xml/spring-util-2.0.xsd, http://www.springframework.org/schema/context/spring-context.xsd=org/springframework/context/config/spring-context-3.1.xsd, http://schemas.xmlsoap.org/ws/2004/08/addressing=schemas/wsdl/addressing.xsd, http://www.springframework.org/schema/context/spring-context-3.0.xsd=org/springframework/context/config/spring-context-3.0.xsd, http://docs.oasis-open.org/wss/2004/01/oasis-200401-wss-wssecurity-secext-1.0.xsd=schemas/oasis-200401-wss-wssecurity-secext-1.0.xsd, http://www.springframework.org/schema/util/spring-util-2.5.xsd=org/springframework/beans/factory/xml/spring-util-2.5.xsd, http://www.springframework.org/schema/aop/spring-aop-3.1.xsd=org/springframework/aop/config/spring-aop-3.1.xsd, http://schemas.xmlsoap.org/wsdl/=schemas/wsdl/wsdl.xsd, http://cxf.apache.org/schemas/bindings/object.xsd=schemas/bindings/object.xsd, http://www.springframework.org/schema/lang/spring-lang-3.1.xsd=org/springframework/scripting/config/spring-lang-3.1.xsd, http://www.springframework.org/schema/cache/spring-cache-3.1.xsd=org/springframework/cache/config/spring-cache-3.1.xsd, http://cxf.apache.org/schemas/configuration/jms.xsd=schemas/configuration/jms.xsd, http://www.springframework.org/schema/jdbc/spring-jdbc-3.0.xsd=org/springframework/jdbc/config/spring-jdbc-3.0.xsd, http://www.springframework.org/schema/jdbc/spring-jdbc.xsd=org/springframework/jdbc/config/spring-jdbc-3.1.xsd, http://cxf.apache.org/schemas/configuration/http-jetty.xsd=schemas/configuration/http-jetty.xsd, http://www.springframework.org/schema/tool/spring-tool-3.1.xsd=org/springframework/beans/factory/xml/spring-tool-3.1.xsd, http://schemas.xmlsoap.org/wsdl/http/=schemas/wsdl/http.xsd, http://cxf.apache.org/schemas/wsdl/jms.xsd=schemas/wsdl/jms.xsd, http://docs.oasis-open.org/wss/2004/01/oasis-200401-wss-wssecurity-utility-1.0.xsd=schemas/oasis-200401-wss-wssecurity-utility-1.0.xsd, http://www.springframework.org/schema/jee/spring-jee-3.1.xsd=org/springframework/ejb/config/spring-jee-3.1.xsd, http://cxf.apache.org/schemas/configuration/parameterized-types.xsd=schemas/configuration/parameterized-types.xsd, http://www.springframework.org/schema/beans/spring-beans-3.1.xsd=org/springframework/beans/factory/xml/spring-beans-3.1.xsd, http://www.springframework.org/schema/util/spring-util.xsd=org/springframework/beans/factory/xml/spring-util-3.1.xsd, http://www.springframework.org/schema/aop/spring-aop-3.0.xsd=org/springframework/aop/config/spring-aop-3.0.xsd, http://schemas.xmlsoap.org/ws/2005/02/rm/wsrm-policy.xsd=schemas/configuration/wsrm-policy.xsd, http://www.springframework.org/schema/beans/spring-beans.xsd=org/springframework/beans/factory/xml/spring-beans-3.1.xsd, http://www.springframework.org/schema/lang/spring-lang-3.0.xsd=org/springframework/scripting/config/spring-lang-3.0.xsd, http://www.springframework.org/schema/tx/spring-tx-3.1.xsd=org/springframework/transaction/config/spring-tx-3.1.xsd, http://schemas.xmlsoap.org/wsdl/2003-02-11.xsd=schemas/wsdl/wsdl.xsd, http://www.springframework.org/schema/context/spring-context-2.5.xsd=org/springframework/context/config/spring-context-2.5.xsd, http://cxf.apache.org/schemas/ws/addressing.xsd=schemas/ws-addr-conf.xsd, http://cxf.apache.org/schemas/coloc-feature.xsd=schemas/coloc-feature.xsd, http://www.springframework.org/schema/tool/spring-tool-3.0.xsd=org/springframework/beans/factory/xml/spring-tool-3.0.xsd, http://www.springframework.org/schema/aop/spring-aop-2.0.xsd=org/springframework/aop/config/spring-aop-2.0.xsd, http://www.springframework.org/schema/jee/spring-jee-3.0.xsd=org/springframework/ejb/config/spring-jee-3.0.xsd, http://www.springframework.org/schema/task/spring-task-3.1.xsd=org/springframework/scheduling/config/spring-task-3.1.xsd, http://www.springframework.org/schema/beans/spring-beans-3.0.xsd=org/springframework/beans/factory/xml/spring-beans-3.0.xsd, http://cxf.apache.org/schemas/wsdl/http-conf.xsd=schemas/wsdl/http-conf.xsd, http://www.w3.org/2001/xml.xsd=schemas/xml.xsd, http://www.springframework.org/schema/jee/spring-jee.xsd=org/springframework/ejb/config/spring-jee-3.1.xsd, http://www.springframework.org/schema/aop/spring-aop-2.5.xsd=org/springframework/aop/config/spring-aop-2.5.xsd, http://www.springframework.org/schema/lang/spring-lang-2.0.xsd=org/springframework/scripting/config/spring-lang-2.0.xsd, http://www.w3.org/2007/02/ws-policy.xsd=schemas/ws-policy-200702.xsd, http://www.springframework.org/schema/task/spring-task.xsd=org/springframework/scheduling/config/spring-task-3.1.xsd, http://www.springframework.org/schema/tool/spring-tool-2.0.xsd=org/springframework/beans/factory/xml/spring-tool-2.0.xsd, http://cxf.apache.org/schemas/policy.xsd=schemas/policy.xsd, http://www.springframework.org/schema/tx/spring-tx-3.0.xsd=org/springframework/transaction/config/spring-tx-3.0.xsd, http://www.springframework.org/schema/lang/spring-lang-2.5.xsd=org/springframework/scripting/config/spring-lang-2.5.xsd, http://schemas.xmlsoap.org/ws/2004/09/policy/ws-policy.xsd=schemas/ws-policy-200409.xsd, http://www.springframework.org/schema/jee/spring-jee-2.0.xsd=org/springframework/ejb/config/spring-jee-2.0.xsd, http://www.springframework.org/schema/tool/spring-tool-2.5.xsd=org/springframework/beans/factory/xml/spring-tool-2.5.xsd, http://www.springframework.org/schema/jee/spring-jee-2.5.xsd=org/springframework/ejb/config/spring-jee-2.5.xsd, http://cxf.apache.org/schemas/configuration/cxf-beans.xsd=schemas/configuration/cxf-beans.xsd, http://www.springframework.org/schema/task/spring-task-3.0.xsd=org/springframework/scheduling/config/spring-task-3.0.xsd, http://cxf.apache.org/schemas/core.xsd=schemas/core.xsd, http://www.springframework.org/schema/lang/spring-lang.xsd=org/springframework/scripting/config/spring-lang-3.1.xsd, http://www.springframework.org/schema/util/spring-util-3.1.xsd=org/springframework/beans/factory/xml/spring-util-3.1.xsd, http://www.springframework.org/schema/beans/spring-beans-2.0.xsd=org/springframework/beans/factory/xml/spring-beans-2.0.xsd, http://cxf.apache.org/schemas/configuration/security.xsd=schemas/configuration/security.xsd, http://www.springframework.org/schema/cache/spring-cache.xsd=org/springframework/cache/config/spring-cache-3.1.xsd, http://www.springframework.org/schema/tx/spring-tx.xsd=org/springframework/transaction/config/spring-tx-3.1.xsd, http://cxf.apache.org/schemas/configuration/soap.xsd=schemas/configuration/soap.xsd, http://cxf.apache.org/schemas/clustering.xsd=schemas/clustering.xsd, http://www.springframework.org/schema/beans/spring-beans-2.5.xsd=org/springframework/beans/factory/xml/spring-beans-2.5.xsd, http://cxf.apache.org/schemas/jaxws.xsd=schemas/jaxws.xsd, http://cxf.apache.org/schemas/simple.xsd=schemas/simple.xsd, http://www.springframework.org/schema/tx/spring-tx-2.0.xsd=org/springframework/transaction/config/spring-tx-2.0.xsd, http://cxf.apache.org/schemas/configuration/wsrm-manager-types.xsd=schemas/configuration/wsrm-manager-types.xsd, http://www.springframework.org/schema/aop/spring-aop.xsd=org/springframework/aop/config/spring-aop-3.1.xsd}
2016-04-26 01:38:27,161 DEBUG [org.springframework.beans.factory.xml.PluggableSchemaResolver] Found XML schema [http://www.springframework.org/schema/beans/spring-beans.xsd] in classpath: org/springframework/beans/factory/xml/spring-beans-3.1.xsd
2016-04-26 01:38:27,354 DEBUG [org.springframework.beans.factory.xml.PluggableSchemaResolver] Found XML schema [http://cxf.apache.org/schemas/core.xsd] in classpath: schemas/core.xsd
2016-04-26 01:38:27,356 DEBUG [org.springframework.beans.factory.xml.PluggableSchemaResolver] Found XML schema [http://cxf.apache.org/schemas/configuration/cxf-beans.xsd] in classpath: schemas/configuration/cxf-beans.xsd
2016-04-26 01:38:27,358 DEBUG [org.springframework.beans.factory.xml.PluggableSchemaResolver] Found XML schema [http://cxf.apache.org/schemas/configuration/parameterized-types.xsd] in classpath: schemas/configuration/parameterized-types.xsd
2016-04-26 01:38:27,363 DEBUG [org.springframework.beans.factory.xml.DefaultBeanDefinitionDocumentReader] Loading bean definitions
2016-04-26 01:38:27,370 INFO  [org.springframework.beans.factory.xml.XmlBeanDefinitionReader] Loading XML bean definitions from class path resource [META-INF/cxf/cxf.xml]
2016-04-26 01:38:27,372 DEBUG [org.springframework.beans.factory.xml.DefaultDocumentLoader] Using JAXP provider [com.sun.org.apache.xerces.internal.jaxp.DocumentBuilderFactoryImpl]
2016-04-26 01:38:27,374 DEBUG [org.springframework.beans.factory.xml.PluggableSchemaResolver] Found XML schema [http://www.springframework.org/schema/beans/spring-beans.xsd] in classpath: org/springframework/beans/factory/xml/spring-beans-3.1.xsd
2016-04-26 01:38:27,384 DEBUG [org.springframework.beans.factory.xml.DefaultBeanDefinitionDocumentReader] Loading bean definitions
2016-04-26 01:38:27,390 DEBUG [org.springframework.beans.factory.xml.XmlBeanDefinitionReader] Loaded 4 bean definitions from location pattern [classpath:META-INF/cxf/cxf.xml]
2016-04-26 01:38:27,390 DEBUG [org.springframework.beans.factory.xml.DefaultBeanDefinitionDocumentReader] Imported 4 bean definitions from URL location [classpath:META-INF/cxf/cxf.xml]
2016-04-26 01:38:27,391 INFO  [org.springframework.beans.factory.xml.XmlBeanDefinitionReader] Loading XML bean definitions from class path resource [META-INF/cxf/cxf-servlet.xml]
2016-04-26 01:38:27,393 DEBUG [org.springframework.beans.factory.xml.DefaultDocumentLoader] Using JAXP provider [com.sun.org.apache.xerces.internal.jaxp.DocumentBuilderFactoryImpl]
2016-04-26 01:38:27,395 DEBUG [org.springframework.beans.factory.xml.PluggableSchemaResolver] Found XML schema [http://www.springframework.org/schema/beans/spring-beans.xsd] in classpath: org/springframework/beans/factory/xml/spring-beans-3.1.xsd
2016-04-26 01:38:27,403 DEBUG [org.springframework.beans.factory.xml.DefaultBeanDefinitionDocumentReader] Loading bean definitions
2016-04-26 01:38:27,403 DEBUG [org.springframework.beans.factory.xml.XmlBeanDefinitionReader] Loaded 0 bean definitions from location pattern [classpath:META-INF/cxf/cxf-servlet.xml]
2016-04-26 01:38:27,403 DEBUG [org.springframework.beans.factory.xml.DefaultBeanDefinitionDocumentReader] Imported 0 bean definitions from URL location [classpath:META-INF/cxf/cxf-servlet.xml]
2016-04-26 01:38:27,403 INFO  [org.springframework.beans.factory.xml.XmlBeanDefinitionReader] Loading XML bean definitions from class path resource [META-INF/cxf/cxf-extension-soap.xml]
2016-04-26 01:38:27,405 DEBUG [org.springframework.beans.factory.xml.DefaultDocumentLoader] Using JAXP provider [com.sun.org.apache.xerces.internal.jaxp.DocumentBuilderFactoryImpl]
2016-04-26 01:38:27,407 DEBUG [org.springframework.beans.factory.xml.PluggableSchemaResolver] Found XML schema [http://www.springframework.org/schema/beans/spring-beans.xsd] in classpath: org/springframework/beans/factory/xml/spring-beans-3.1.xsd
2016-04-26 01:38:27,416 DEBUG [org.springframework.beans.factory.xml.DefaultBeanDefinitionDocumentReader] Loading bean definitions
2016-04-26 01:38:27,420 DEBUG [org.springframework.beans.factory.xml.BeanDefinitionParserDelegate] Neither XML 'id' nor 'name' specified - using generated bean name [org.apache.cxf.binding.soap.spring.SoapVersionRegistrar#429fa2]
2016-04-26 01:38:27,420 DEBUG [org.springframework.beans.factory.xml.XmlBeanDefinitionReader] Loaded 3 bean definitions from location pattern [classpath:META-INF/cxf/cxf-extension-soap.xml]
2016-04-26 01:38:27,420 DEBUG [org.springframework.beans.factory.xml.DefaultBeanDefinitionDocumentReader] Imported 3 bean definitions from URL location [classpath:META-INF/cxf/cxf-extension-soap.xml]
2016-04-26 01:38:27,421 DEBUG [org.springframework.beans.factory.xml.DefaultNamespaceHandlerResolver] Loaded NamespaceHandler mappings: {http://www.springframework.org/schema/task=org.springframework.scheduling.config.TaskNamespaceHandler, http://www.springframework.org/schema/p=org.springframework.beans.factory.xml.SimplePropertyNamespaceHandler, http://cxf.apache.org/transports/http-jetty/configuration=org.apache.cxf.transport.http_jetty.spring.NamespaceHandler, http://www.w3.org/2006/07/ws-policy=org.apache.cxf.ws.policy.spring.PolicyNamespaceHandler, http://www.springframework.org/schema/lang=org.springframework.scripting.config.LangNamespaceHandler, http://www.springframework.org/schema/util=org.springframework.beans.factory.xml.UtilNamespaceHandler, http://www.springframework.org/schema/c=org.springframework.beans.factory.xml.SimpleConstructorNamespaceHandler, http://cxf.apache.org/jaxws=org.apache.cxf.jaxws.spring.NamespaceHandler, http://cxf.apache.org/policy=org.apache.cxf.ws.policy.spring.NamespaceHandler, http://www.springframework.org/schema/jee=org.springframework.ejb.config.JeeNamespaceHandler, http://cxf.apache.org/transports/jms=org.apache.cxf.transport.jms.spring.NamespaceHandler, http://cxf.apache.org/transports/http/configuration=org.apache.cxf.transport.http.spring.NamespaceHandler, http://cxf.apache.org/bindings/object=org.apache.cxf.binding.object.spring.NamespaceHandler, http://www.springframework.org/schema/tx=org.springframework.transaction.config.TxNamespaceHandler, http://cxf.apache.org/ws/addressing=org.apache.cxf.ws.addressing.spring.NamespaceHandler, http://cxf.apache.org/clustering=org.apache.cxf.clustering.spring.NamespaceHandler, http://cxf.apache.org/simple=org.apache.cxf.frontend.spring.NamespaceHandler, http://www.springframework.org/schema/jdbc=org.springframework.jdbc.config.JdbcNamespaceHandler, http://www.springframework.org/schema/aop=org.springframework.aop.config.AopNamespaceHandler, http://cxf.apache.org/jaxrs=org.apache.cxf.jaxrs.spring.NamespaceHandler, http://www.springframework.org/schema/context=org.springframework.context.config.ContextNamespaceHandler, http://cxf.apache.org/core=org.apache.cxf.bus.spring.NamespaceHandler, http://cxf.apache.org/binding/coloc=org.apache.cxf.binding.coloc.spring.NamespaceHandler, http://schemas.xmlsoap.org/ws/2004/09/policy=org.apache.cxf.ws.policy.spring.PolicyNamespaceHandler, http://www.springframework.org/schema/cache=org.springframework.cache.config.CacheNamespaceHandler, http://www.w3.org/ns/ws-policy=org.apache.cxf.ws.policy.spring.PolicyNamespaceHandler, http://cxf.apache.org/ws/rm/manager=org.apache.cxf.ws.rm.spring.NamespaceHandler, http://cxf.apache.org/bindings/soap=org.apache.cxf.binding.soap.spring.NamespaceHandler}
2016-04-26 01:38:27,668 DEBUG [org.apache.cxf.common.logging.LogUtils] Using org.apache.cxf.common.logging.Log4jLogger for logging.
2016-04-26 01:38:27,682 DEBUG [org.springframework.beans.factory.xml.BeanDefinitionParserDelegate] Using generated bean name [cxf:logging#314cb8] for nested custom element 'cxf:logging'
2016-04-26 01:38:27,683 DEBUG [org.springframework.beans.factory.xml.XmlBeanDefinitionReader] Loaded 8 bean definitions from location pattern [/WEB-INF/applicationContext-CXF.xml]
2016-04-26 01:38:27,683 DEBUG [org.springframework.web.context.support.XmlWebApplicationContext] Bean factory for Root WebApplicationContext: org.springframework.beans.factory.support.DefaultListableBeanFactory@16a3c94: defining beans [cxf,org.apache.cxf.bus.spring.BusWiringBeanFactoryPostProcessor,org.apache.cxf.bus.spring.Jsr250BeanPostProcessor,org.apache.cxf.bus.spring.BusExtensionPostProcessor,org.apache.cxf.binding.soap.SoapBindingFactory,org.apache.cxf.binding.soap.SoapTransportFactory,org.apache.cxf.binding.soap.customEditorConfigurer,cxf.config0]; root of factory hierarchy
2016-04-26 01:38:27,708 DEBUG [org.springframework.beans.factory.support.DefaultListableBeanFactory] Creating shared instance of singleton bean 'org.apache.cxf.binding.soap.customEditorConfigurer'
2016-04-26 01:38:27,708 DEBUG [org.springframework.beans.factory.support.DefaultListableBeanFactory] Creating instance of bean 'org.apache.cxf.binding.soap.customEditorConfigurer'
2016-04-26 01:38:27,730 DEBUG [org.springframework.beans.factory.support.DefaultListableBeanFactory] Eagerly caching bean 'org.apache.cxf.binding.soap.customEditorConfigurer' to allow for resolving potential circular references
2016-04-26 01:38:27,732 DEBUG [org.springframework.beans.factory.support.DefaultListableBeanFactory] Creating instance of bean 'org.apache.cxf.binding.soap.spring.SoapVersionRegistrar#429fa2'
2016-04-26 01:38:27,732 DEBUG [org.springframework.beans.factory.support.DefaultListableBeanFactory] Finished creating instance of bean 'org.apache.cxf.binding.soap.spring.SoapVersionRegistrar#429fa2'
2016-04-26 01:38:27,744 DEBUG [org.springframework.core.env.StandardEnvironment] Initializing new StandardEnvironment
2016-04-26 01:38:27,745 DEBUG [org.springframework.core.env.StandardEnvironment] Adding [systemProperties] PropertySource with lowest search precedence
2016-04-26 01:38:27,745 DEBUG [org.springframework.core.env.StandardEnvironment] Adding [systemEnvironment] PropertySource with lowest search precedence
2016-04-26 01:38:27,745 DEBUG [org.springframework.core.env.StandardEnvironment] Initialized StandardEnvironment with PropertySources [systemProperties,systemEnvironment]
2016-04-26 01:38:27,745 DEBUG [org.springframework.core.env.StandardEnvironment] Initializing new StandardEnvironment
2016-04-26 01:38:27,745 DEBUG [org.springframework.core.env.StandardEnvironment] Adding [systemProperties] PropertySource with lowest search precedence
2016-04-26 01:38:27,745 DEBUG [org.springframework.core.env.StandardEnvironment] Adding [systemEnvironment] PropertySource with lowest search precedence
2016-04-26 01:38:27,745 DEBUG [org.springframework.core.env.StandardEnvironment] Initialized StandardEnvironment with PropertySources [systemProperties,systemEnvironment]
2016-04-26 01:38:27,745 DEBUG [org.springframework.core.env.StandardEnvironment] Initializing new StandardEnvironment
2016-04-26 01:38:27,745 DEBUG [org.springframework.core.env.StandardEnvironment] Adding [systemProperties] PropertySource with lowest search precedence
2016-04-26 01:38:27,745 DEBUG [org.springframework.core.env.StandardEnvironment] Adding [systemEnvironment] PropertySource with lowest search precedence
2016-04-26 01:38:27,745 DEBUG [org.springframework.core.env.StandardEnvironment] Initialized StandardEnvironment with PropertySources [systemProperties,systemEnvironment]
2016-04-26 01:38:27,746 DEBUG [org.springframework.core.env.StandardEnvironment] Initializing new StandardEnvironment
2016-04-26 01:38:27,746 DEBUG [org.springframework.core.env.StandardEnvironment] Adding [systemProperties] PropertySource with lowest search precedence
2016-04-26 01:38:27,746 DEBUG [org.springframework.core.env.StandardEnvironment] Adding [systemEnvironment] PropertySource with lowest search precedence
2016-04-26 01:38:27,746 DEBUG [org.springframework.core.env.StandardEnvironment] Initialized StandardEnvironment with PropertySources [systemProperties,systemEnvironment]
2016-04-26 01:38:27,747 DEBUG [org.springframework.core.env.StandardEnvironment] Initializing new StandardEnvironment
2016-04-26 01:38:27,747 DEBUG [org.springframework.core.env.StandardEnvironment] Adding [systemProperties] PropertySource with lowest search precedence
2016-04-26 01:38:27,747 DEBUG [org.springframework.core.env.StandardEnvironment] Adding [systemEnvironment] PropertySource with lowest search precedence
2016-04-26 01:38:27,747 DEBUG [org.springframework.core.env.StandardEnvironment] Initialized StandardEnvironment with PropertySources [systemProperties,systemEnvironment]
2016-04-26 01:38:27,751 DEBUG [org.springframework.beans.factory.support.DefaultListableBeanFactory] Finished creating instance of bean 'org.apache.cxf.binding.soap.customEditorConfigurer'
2016-04-26 01:38:27,751 DEBUG [org.springframework.beans.factory.support.DefaultListableBeanFactory] Creating shared instance of singleton bean 'org.apache.cxf.bus.spring.BusWiringBeanFactoryPostProcessor'
2016-04-26 01:38:27,751 DEBUG [org.springframework.beans.factory.support.DefaultListableBeanFactory] Creating instance of bean 'org.apache.cxf.bus.spring.BusWiringBeanFactoryPostProcessor'
2016-04-26 01:38:27,752 DEBUG [org.springframework.beans.factory.support.DefaultListableBeanFactory] Eagerly caching bean 'org.apache.cxf.bus.spring.BusWiringBeanFactoryPostProcessor' to allow for resolving potential circular references
2016-04-26 01:38:27,752 DEBUG [org.springframework.beans.factory.support.DefaultListableBeanFactory] Finished creating instance of bean 'org.apache.cxf.bus.spring.BusWiringBeanFactoryPostProcessor'
2016-04-26 01:38:27,753 DEBUG [org.springframework.beans.factory.support.DefaultListableBeanFactory] Creating shared instance of singleton bean 'org.apache.cxf.bus.spring.Jsr250BeanPostProcessor'
2016-04-26 01:38:27,753 DEBUG [org.springframework.beans.factory.support.DefaultListableBeanFactory] Creating instance of bean 'org.apache.cxf.bus.spring.Jsr250BeanPostProcessor'
2016-04-26 01:38:27,753 DEBUG [org.springframework.beans.factory.support.DefaultListableBeanFactory] Eagerly caching bean 'org.apache.cxf.bus.spring.Jsr250BeanPostProcessor' to allow for resolving potential circular references
2016-04-26 01:38:27,756 DEBUG [org.springframework.beans.factory.support.DefaultListableBeanFactory] Finished creating instance of bean 'org.apache.cxf.bus.spring.Jsr250BeanPostProcessor'
2016-04-26 01:38:27,756 DEBUG [org.springframework.beans.factory.support.DefaultListableBeanFactory] Creating shared instance of singleton bean 'org.apache.cxf.bus.spring.BusExtensionPostProcessor'
2016-04-26 01:38:27,756 DEBUG [org.springframework.beans.factory.support.DefaultListableBeanFactory] Creating instance of bean 'org.apache.cxf.bus.spring.BusExtensionPostProcessor'
2016-04-26 01:38:27,756 DEBUG [org.springframework.beans.factory.support.DefaultListableBeanFactory] Eagerly caching bean 'org.apache.cxf.bus.spring.BusExtensionPostProcessor' to allow for resolving potential circular references
2016-04-26 01:38:27,756 DEBUG [org.springframework.beans.factory.support.DefaultListableBeanFactory] Finished creating instance of bean 'org.apache.cxf.bus.spring.BusExtensionPostProcessor'
2016-04-26 01:38:27,758 DEBUG [org.springframework.web.context.support.XmlWebApplicationContext] Unable to locate MessageSource with name 'messageSource': using default [org.springframework.context.support.DelegatingMessageSource@71d91]
2016-04-26 01:38:27,759 DEBUG [org.springframework.web.context.support.XmlWebApplicationContext] Unable to locate ApplicationEventMulticaster with name 'applicationEventMulticaster': using default [org.springframework.context.event.SimpleApplicationEventMulticaster@b08ce3]
2016-04-26 01:38:27,761 DEBUG [org.springframework.ui.context.support.UiApplicationContextUtils] Unable to locate ThemeSource with name 'themeSource': using default [org.springframework.ui.context.support.ResourceBundleThemeSource@12a0bcc]
2016-04-26 01:38:27,761 INFO  [org.springframework.beans.factory.support.DefaultListableBeanFactory] Pre-instantiating singletons in org.springframework.beans.factory.support.DefaultListableBeanFactory@16a3c94: defining beans [cxf,org.apache.cxf.bus.spring.BusWiringBeanFactoryPostProcessor,org.apache.cxf.bus.spring.Jsr250BeanPostProcessor,org.apache.cxf.bus.spring.BusExtensionPostProcessor,org.apache.cxf.binding.soap.SoapBindingFactory,org.apache.cxf.binding.soap.SoapTransportFactory,org.apache.cxf.binding.soap.customEditorConfigurer,cxf.config0]; root of factory hierarchy
2016-04-26 01:38:27,762 DEBUG [org.springframework.beans.factory.support.DefaultListableBeanFactory] Creating shared instance of singleton bean 'cxf'
2016-04-26 01:38:27,762 DEBUG [org.springframework.beans.factory.support.DefaultListableBeanFactory] Creating instance of bean 'cxf'
2016-04-26 01:38:27,838 DEBUG [org.springframework.beans.factory.support.DefaultListableBeanFactory] Eagerly caching bean 'cxf' to allow for resolving potential circular references
2016-04-26 01:38:27,838 DEBUG [org.springframework.beans.factory.support.DefaultListableBeanFactory] Creating instance of bean 'cxf:logging#314cb8'
2016-04-26 01:38:27,860 DEBUG [org.springframework.core.env.StandardEnvironment] Initializing new StandardEnvironment
2016-04-26 01:38:27,860 DEBUG [org.springframework.core.env.StandardEnvironment] Adding [systemProperties] PropertySource with lowest search precedence
2016-04-26 01:38:27,860 DEBUG [org.springframework.core.env.StandardEnvironment] Adding [systemEnvironment] PropertySource with lowest search precedence
2016-04-26 01:38:27,860 DEBUG [org.springframework.core.env.StandardEnvironment] Initialized StandardEnvironment with PropertySources [systemProperties,systemEnvironment]
2016-04-26 01:38:27,860 DEBUG [org.springframework.core.env.StandardEnvironment] Initializing new StandardEnvironment
2016-04-26 01:38:27,860 DEBUG [org.springframework.core.env.StandardEnvironment] Adding [systemProperties] PropertySource with lowest search precedence
2016-04-26 01:38:27,860 DEBUG [org.springframework.core.env.StandardEnvironment] Adding [systemEnvironment] PropertySource with lowest search precedence
2016-04-26 01:38:27,860 DEBUG [org.springframework.core.env.StandardEnvironment] Initialized StandardEnvironment with PropertySources [systemProperties,systemEnvironment]
2016-04-26 01:38:27,861 DEBUG [org.springframework.core.env.StandardEnvironment] Initializing new StandardEnvironment
2016-04-26 01:38:27,861 DEBUG [org.springframework.core.env.StandardEnvironment] Adding [systemProperties] PropertySource with lowest search precedence
2016-04-26 01:38:27,861 DEBUG [org.springframework.core.env.StandardEnvironment] Adding [systemEnvironment] PropertySource with lowest search precedence
2016-04-26 01:38:27,861 DEBUG [org.springframework.core.env.StandardEnvironment] Initialized StandardEnvironment with PropertySources [systemProperties,systemEnvironment]
2016-04-26 01:38:27,861 DEBUG [org.springframework.core.env.StandardEnvironment] Initializing new StandardEnvironment
2016-04-26 01:38:27,861 DEBUG [org.springframework.core.env.StandardEnvironment] Adding [systemProperties] PropertySource with lowest search precedence
2016-04-26 01:38:27,861 DEBUG [org.springframework.core.env.StandardEnvironment] Adding [systemEnvironment] PropertySource with lowest search precedence
2016-04-26 01:38:27,861 DEBUG [org.springframework.core.env.StandardEnvironment] Initialized StandardEnvironment with PropertySources [systemProperties,systemEnvironment]
2016-04-26 01:38:27,861 DEBUG [org.springframework.core.env.StandardEnvironment] Initializing new StandardEnvironment
2016-04-26 01:38:27,861 DEBUG [org.springframework.core.env.StandardEnvironment] Adding [systemProperties] PropertySource with lowest search precedence
2016-04-26 01:38:27,861 DEBUG [org.springframework.core.env.StandardEnvironment] Adding [systemEnvironment] PropertySource with lowest search precedence
2016-04-26 01:38:27,861 DEBUG [org.springframework.core.env.StandardEnvironment] Initialized StandardEnvironment with PropertySources [systemProperties,systemEnvironment]
2016-04-26 01:38:27,864 DEBUG [org.springframework.beans.factory.support.DefaultListableBeanFactory] Finished creating instance of bean 'cxf:logging#314cb8'
2016-04-26 01:38:28,092 DEBUG [org.apache.cxf.configuration.spring.ConfigurerImpl] Could not determine bean name for instance of class org.apache.cxf.ws.policy.PolicyAnnotationListener.
2016-04-26 01:38:28,096 DEBUG [org.apache.cxf.configuration.spring.ConfigurerImpl] Could not determine bean name for instance of class org.apache.cxf.service.factory.FactoryBeanListenerManager.
2016-04-26 01:38:28,098 DEBUG [org.apache.cxf.configuration.spring.ConfigurerImpl] Could not determine bean name for instance of class org.apache.cxf.ws.policy.PolicyEngineImpl.
2016-04-26 01:38:28,099 DEBUG [org.apache.cxf.configuration.spring.ConfigurerImpl] Could not determine bean name for instance of class org.apache.cxf.ws.policy.PolicyDataEngineImpl.
2016-04-26 01:38:28,100 DEBUG [org.apache.cxf.configuration.spring.ConfigurerImpl] Could not determine bean name for instance of class org.apache.cxf.bus.managers.CXFBusLifeCycleManager.
2016-04-26 01:38:28,100 DEBUG [org.apache.cxf.configuration.spring.ConfigurerImpl] Could not determine bean name for instance of class org.apache.cxf.bus.managers.ServerRegistryImpl.
2016-04-26 01:38:28,111 DEBUG [org.apache.cxf.configuration.spring.ConfigurerImpl] Could not determine bean name for instance of class org.apache.cxf.management.jmx.InstrumentationManagerImpl.
2016-04-26 01:38:28,116 DEBUG [org.springframework.beans.factory.support.DefaultListableBeanFactory] Finished creating instance of bean 'cxf'
2016-04-26 01:38:28,117 DEBUG [org.springframework.beans.factory.support.DefaultListableBeanFactory] Returning cached instance of singleton bean 'org.apache.cxf.bus.spring.BusWiringBeanFactoryPostProcessor'
2016-04-26 01:38:28,117 DEBUG [org.springframework.beans.factory.support.DefaultListableBeanFactory] Returning cached instance of singleton bean 'org.apache.cxf.bus.spring.Jsr250BeanPostProcessor'
2016-04-26 01:38:28,117 DEBUG [org.springframework.beans.factory.support.DefaultListableBeanFactory] Returning cached instance of singleton bean 'org.apache.cxf.bus.spring.BusExtensionPostProcessor'
2016-04-26 01:38:28,117 DEBUG [org.springframework.beans.factory.support.DefaultListableBeanFactory] Returning cached instance of singleton bean 'org.apache.cxf.binding.soap.customEditorConfigurer'
2016-04-26 01:38:28,117 DEBUG [org.springframework.beans.factory.support.DefaultListableBeanFactory] Creating shared instance of singleton bean 'cxf.config0'
2016-04-26 01:38:28,117 DEBUG [org.springframework.beans.factory.support.DefaultListableBeanFactory] Creating instance of bean 'cxf.config0'
2016-04-26 01:38:28,133 DEBUG [org.springframework.beans.factory.support.DefaultListableBeanFactory] Eagerly caching bean 'cxf.config0' to allow for resolving potential circular references
2016-04-26 01:38:28,133 DEBUG [org.springframework.beans.factory.support.DefaultListableBeanFactory] Finished creating instance of bean 'cxf.config0'
2016-04-26 01:38:28,134 DEBUG [org.springframework.web.context.support.XmlWebApplicationContext] Unable to locate LifecycleProcessor with name 'lifecycleProcessor': using default [org.springframework.context.support.DefaultLifecycleProcessor@1e1fe85]
2016-04-26 01:38:28,134 DEBUG [org.springframework.beans.factory.support.DefaultListableBeanFactory] Returning cached instance of singleton bean 'lifecycleProcessor'
2016-04-26 01:38:28,137 DEBUG [org.springframework.web.context.ContextLoader] Published root WebApplicationContext as ServletContext attribute with name [org.springframework.web.context.WebApplicationContext.ROOT]
2016-04-26 01:38:28,137 INFO  [org.springframework.web.context.ContextLoader] Root WebApplicationContext: initialization completed in 1099 ms
2016-04-26 01:38:28,182 DEBUG [org.springframework.beans.factory.support.DefaultListableBeanFactory] Returning cached instance of singleton bean 'cxf'
2016-04-26 01:38:28,191 DEBUG [org.apache.cxf.configuration.spring.ConfigurerImpl] Could not determine bean name for instance of class org.apache.cxf.transport.http.HTTPTransportFactory.
2016-04-26 01:38:28,906 INFO  [org.springframework.web.context.support.XmlWebApplicationContext] Closing Root WebApplicationContext: startup date [Tue Apr 26 01:38:27 BOT 2016]; root of context hierarchy
2016-04-26 01:38:28,910 DEBUG [org.springframework.beans.factory.support.DefaultListableBeanFactory] Returning cached instance of singleton bean 'lifecycleProcessor'
2016-04-26 01:38:28,910 INFO  [org.springframework.beans.factory.support.DefaultListableBeanFactory] Destroying singletons in org.springframework.beans.factory.support.DefaultListableBeanFactory@16a3c94: defining beans [cxf,org.apache.cxf.bus.spring.BusWiringBeanFactoryPostProcessor,org.apache.cxf.bus.spring.Jsr250BeanPostProcessor,org.apache.cxf.bus.spring.BusExtensionPostProcessor,org.apache.cxf.binding.soap.SoapBindingFactory,org.apache.cxf.binding.soap.SoapTransportFactory,org.apache.cxf.binding.soap.customEditorConfigurer,cxf.config0]; root of factory hierarchy
2016-04-26 01:38:28,911 DEBUG [org.springframework.beans.factory.support.DisposableBeanAdapter] Invoking destroy method 'shutdown' on bean with name 'cxf'
2016-04-26 01:38:28,915 DEBUG [org.springframework.beans.factory.support.DefaultListableBeanFactory] Retrieved dependent beans for bean 'cxf:logging#314cb8': [cxf]
2016-04-26 01:38:28,928 INFO  [org.eclipse.jetty.servlet.listener.ELContextCleaner] javax.el.BeanELResolver purged
